  moc include\MediaPlayerFFMepeg.h
  moc include\BaseInfos.h
  BaseInfos.cpp
  MediaPlayerFFMepeg.cpp
  main.cpp
C:\Program Files (x86)\Windows Kits\10\Include\10.0.22621.0\ucrt\wchar.h(37,1): warning C4005: “WCHAR_MIN”: 宏重定义 (编译源文件 src\MediaPlayerFFMepeg.cpp)
E:\Leventure\WorkShop\Github\MediaPlay-FFmpeg\MediaPlayer--FFMepeg\MediaPlayer--FFMepeg\ffmpeg-dependency\include\stdint.h(165,1): message : 参见“WCHAR_MIN”的前一个定义 (编译源文件 src\MediaPlayerFFMepeg.cpp)
C:\Program Files (x86)\Windows Kits\10\Include\10.0.22621.0\ucrt\wchar.h(37,1): warning C4005: “WCHAR_MIN”: 宏重定义 (编译源文件 src\main.cpp)
E:\Leventure\WorkShop\Github\MediaPlay-FFmpeg\MediaPlayer--FFMepeg\MediaPlayer--FFMepeg\ffmpeg-dependency\include\stdint.h(165,1): message : 参见“WCHAR_MIN”的前一个定义 (编译源文件 src\main.cpp)
C:\Program Files (x86)\Windows Kits\10\Include\10.0.22621.0\ucrt\wchar.h(37,1): warning C4005: “WCHAR_MIN”: 宏重定义 (编译源文件 src\BaseInfos.cpp)
E:\Leventure\WorkShop\Github\MediaPlay-FFmpeg\MediaPlayer--FFMepeg\MediaPlayer--FFMepeg\ffmpeg-dependency\include\stdint.h(165,1): message : 参见“WCHAR_MIN”的前一个定义 (编译源文件 src\BaseInfos.cpp)
E:\Leventure\WorkShop\Github\MediaPlay-FFmpeg\MediaPlayer--FFMepeg\MediaPlayer--FFMepeg\ffmpeg-dependency\include\libavutil\rational.h(1,1): warning C4819: 该文件包含不能在当前代码页(936)中表示的字符。请将该文件保存为 Unicode 格式以防止数据丢失 (编译源文件 src\BaseInfos.cpp)
E:\Leventure\WorkShop\Github\MediaPlay-FFmpeg\MediaPlayer--FFMepeg\MediaPlayer--FFMepeg\ffmpeg-dependency\include\libavutil\rational.h(1,1): warning C4819: 该文件包含不能在当前代码页(936)中表示的字符。请将该文件保存为 Unicode 格式以防止数据丢失 (编译源文件 src\MediaPlayerFFMepeg.cpp)
E:\Leventure\WorkShop\Github\MediaPlay-FFmpeg\MediaPlayer--FFMepeg\MediaPlayer--FFMepeg\ffmpeg-dependency\include\libavutil\rational.h(1,1): warning C4819: 该文件包含不能在当前代码页(936)中表示的字符。请将该文件保存为 Unicode 格式以防止数据丢失 (编译源文件 src\main.cpp)
  qrc_MediaPlayerFFMepeg.cpp
  moc_MediaPlayerFFMepeg.cpp
  moc_BaseInfos.cpp
E:\Leventure\WorkShop\Github\MediaPlay-FFmpeg\MediaPlayer--FFMepeg\MediaPlayer--FFMepeg\ffmpeg-dependency\include\stdint.h(162,1): warning C4005: “SIZE_MAX”: 宏重定义 (编译源文件 x64\Debug\moc\moc_BaseInfos.cpp)
C:\Program Files\Microsoft Visual Studio\2022\Community\VC\Tools\MSVC\14.37.32822\include\limits.h(64,1): message : 参见“SIZE_MAX”的前一个定义 (编译源文件 x64\Debug\moc\moc_BaseInfos.cpp)
E:\Leventure\WorkShop\Github\MediaPlay-FFmpeg\MediaPlayer--FFMepeg\MediaPlayer--FFMepeg\ffmpeg-dependency\include\stdint.h(162,1): warning C4005: “SIZE_MAX”: 宏重定义 (编译源文件 x64\Debug\moc\moc_MediaPlayerFFMepeg.cpp)
C:\Program Files\Microsoft Visual Studio\2022\Community\VC\Tools\MSVC\14.37.32822\include\limits.h(64,1): message : 参见“SIZE_MAX”的前一个定义 (编译源文件 x64\Debug\moc\moc_MediaPlayerFFMepeg.cpp)
C:\Program Files (x86)\Windows Kits\10\Include\10.0.22621.0\ucrt\wchar.h(37,1): warning C4005: “WCHAR_MIN”: 宏重定义 (编译源文件 x64\Debug\moc\moc_MediaPlayerFFMepeg.cpp)
E:\Leventure\WorkShop\Github\MediaPlay-FFmpeg\MediaPlayer--FFMepeg\MediaPlayer--FFMepeg\ffmpeg-dependency\include\stdint.h(165,1): message : 参见“WCHAR_MIN”的前一个定义 (编译源文件 x64\Debug\moc\moc_MediaPlayerFFMepeg.cpp)
C:\Program Files (x86)\Windows Kits\10\Include\10.0.22621.0\ucrt\wchar.h(37,1): warning C4005: “WCHAR_MIN”: 宏重定义 (编译源文件 x64\Debug\moc\moc_BaseInfos.cpp)
E:\Leventure\WorkShop\Github\MediaPlay-FFmpeg\MediaPlayer--FFMepeg\MediaPlayer--FFMepeg\ffmpeg-dependency\include\stdint.h(165,1): message : 参见“WCHAR_MIN”的前一个定义 (编译源文件 x64\Debug\moc\moc_BaseInfos.cpp)
E:\Leventure\WorkShop\Github\MediaPlay-FFmpeg\MediaPlayer--FFMepeg\MediaPlayer--FFMepeg\ffmpeg-dependency\include\libavutil\rational.h(1,1): warning C4819: 该文件包含不能在当前代码页(936)中表示的字符。请将该文件保存为 Unicode 格式以防止数据丢失 (编译源文件 x64\Debug\moc\moc_BaseInfos.cpp)
E:\Leventure\WorkShop\Github\MediaPlay-FFmpeg\MediaPlayer--FFMepeg\MediaPlayer--FFMepeg\ffmpeg-dependency\include\libavutil\rational.h(1,1): warning C4819: 该文件包含不能在当前代码页(936)中表示的字符。请将该文件保存为 Unicode 格式以防止数据丢失 (编译源文件 x64\Debug\moc\moc_MediaPlayerFFMepeg.cpp)
  MediaPlayer--FFMepeg.vcxproj -> E:\Leventure\WorkShop\Github\MediaPlay-FFmpeg\MediaPlayer--FFMepeg\x64\Debug\MediaPlayer--FFMepeg.exe
