d:\workshop\github\mediaplay-ffmpeg\mediaplayer--ffmepeg\mediaplayer--ffmepeg\x64\debug\vc143.pdb
d:\workshop\github\mediaplay-ffmpeg\mediaplayer--ffmepeg\mediaplayer--ffmepeg\x64\debug\baseinfos.obj
d:\workshop\github\mediaplay-ffmpeg\mediaplayer--ffmepeg\mediaplayer--ffmepeg\x64\debug\mediaplayerffmepeg.obj
d:\workshop\github\mediaplay-ffmpeg\mediaplayer--ffmepeg\mediaplayer--ffmepeg\x64\debug\main.obj
d:\workshop\github\mediaplay-ffmpeg\mediaplayer--ffmepeg\mediaplayer--ffmepeg\x64\debug\moc_mediaplayerffmepeg.obj
d:\workshop\github\mediaplay-ffmpeg\mediaplayer--ffmepeg\mediaplayer--ffmepeg\x64\debug\qrc_mediaplayerffmepeg.obj
d:\workshop\github\mediaplay-ffmpeg\mediaplayer--ffmepeg\mediaplayer--ffmepeg\x64\debug\moc_baseinfos.obj
d:\workshop\github\mediaplay-ffmpeg\mediaplayer--ffmepeg\x64\debug\mediaplayer--ffmepeg.exe
d:\workshop\github\mediaplay-ffmpeg\mediaplayer--ffmepeg\x64\debug\mediaplayer--ffmepeg.pdb
d:\workshop\github\mediaplay-ffmpeg\mediaplayer--ffmepeg\mediaplayer--ffmepeg\x64\debug\uic\ui_mediaplayerffmepeg.h
d:\workshop\github\mediaplay-ffmpeg\mediaplayer--ffmepeg\mediaplayer--ffmepeg\x64\debug\rcc\qrc_mediaplayerffmepeg.cpp
d:\workshop\github\mediaplay-ffmpeg\mediaplayer--ffmepeg\mediaplayer--ffmepeg\x64\debug\moc\moc_mediaplayerffmepeg.cpp
d:\workshop\github\mediaplay-ffmpeg\mediaplayer--ffmepeg\mediaplayer--ffmepeg\x64\debug\moc\moc_baseinfos.cpp
d:\workshop\github\mediaplay-ffmpeg\mediaplayer--ffmepeg\x64\debug\mediaplayer--ffmepeg.ilk
d:\workshop\github\mediaplay-ffmpeg\mediaplayer--ffmepeg\mediaplayer--ffmepeg\x64\debug\mediapla.0273ef6b.tlog\cl.command.1.tlog
d:\workshop\github\mediaplay-ffmpeg\mediaplayer--ffmepeg\mediaplayer--ffmepeg\x64\debug\mediapla.0273ef6b.tlog\cl.items.tlog
d:\workshop\github\mediaplay-ffmpeg\mediaplayer--ffmepeg\mediaplayer--ffmepeg\x64\debug\mediapla.0273ef6b.tlog\cl.read.1.tlog
d:\workshop\github\mediaplay-ffmpeg\mediaplayer--ffmepeg\mediaplayer--ffmepeg\x64\debug\mediapla.0273ef6b.tlog\cl.write.1.tlog
d:\workshop\github\mediaplay-ffmpeg\mediaplayer--ffmepeg\mediaplayer--ffmepeg\x64\debug\mediapla.0273ef6b.tlog\link.command.1.tlog
d:\workshop\github\mediaplay-ffmpeg\mediaplayer--ffmepeg\mediaplayer--ffmepeg\x64\debug\mediapla.0273ef6b.tlog\link.read.1.tlog
d:\workshop\github\mediaplay-ffmpeg\mediaplayer--ffmepeg\mediaplayer--ffmepeg\x64\debug\mediapla.0273ef6b.tlog\link.secondary.1.tlog
d:\workshop\github\mediaplay-ffmpeg\mediaplayer--ffmepeg\mediaplayer--ffmepeg\x64\debug\mediapla.0273ef6b.tlog\link.write.1.tlog
d:\workshop\github\mediaplay-ffmpeg\mediaplayer--ffmepeg\mediaplayer--ffmepeg\x64\debug\mediapla.0273ef6b.tlog\mediaplayer--ffmepeg.write.1u.tlog
d:\workshop\github\mediaplay-ffmpeg\mediaplayer--ffmepeg\mediaplayer--ffmepeg\x64\debug\mediapla.0273ef6b.tlog\moc.read.1u.tlog
d:\workshop\github\mediaplay-ffmpeg\mediaplayer--ffmepeg\mediaplayer--ffmepeg\x64\debug\mediapla.0273ef6b.tlog\moc.write.1u.tlog
d:\workshop\github\mediaplay-ffmpeg\mediaplayer--ffmepeg\mediaplayer--ffmepeg\x64\debug\mediapla.0273ef6b.tlog\rcc.read.1u.tlog
d:\workshop\github\mediaplay-ffmpeg\mediaplayer--ffmepeg\mediaplayer--ffmepeg\x64\debug\mediapla.0273ef6b.tlog\rcc.write.1u.tlog
d:\workshop\github\mediaplay-ffmpeg\mediaplayer--ffmepeg\mediaplayer--ffmepeg\x64\debug\mediapla.0273ef6b.tlog\uic.read.1u.tlog
d:\workshop\github\mediaplay-ffmpeg\mediaplayer--ffmepeg\mediaplayer--ffmepeg\x64\debug\mediapla.0273ef6b.tlog\uic.write.1u.tlog
